<?xml version="1.0" encoding="UTF-8"?>
<testng-results skipped="0" failed="0" ignored="0" total="2" passed="2">
  <reporter-output>
  </reporter-output>
  <suite name="FlightsSuite" duration-ms="8925" started-at="2020-12-05T13:18:43 GMT" finished-at="2020-12-05T13:18:52 GMT">
    <groups>
    </groups>
    <test name="Flights" duration-ms="8925" started-at="2020-12-05T13:18:43 GMT" finished-at="2020-12-05T13:18:52 GMT">
      <class name="flights.FlightsTests">
        <test-method status="PASS" signature="beforeTest()[pri:0, instance:flights.FlightsTests@4cc0edeb]" name="beforeTest" is-config="true" duration-ms="4074" started-at="2020-12-05T13:18:43 GMT" finished-at="2020-12-05T13:18:47 GMT">
          <reporter-output>
          </reporter-output>
        </test-method> <!-- beforeTest -->
        <test-method status="PASS" signature="verifyLabelCounts()[pri:0, instance:flights.FlightsTests@4cc0edeb]" name="verifyLabelCounts" duration-ms="2754" started-at="2020-12-05T13:18:47 GMT" finished-at="2020-12-05T13:18:50 GMT">
          <reporter-output>
          </reporter-output>
        </test-method> <!-- verifyLabelCounts -->
        <test-method status="PASS" signature="verifyLables()[pri:0, instance:flights.FlightsTests@4cc0edeb]" name="verifyLables" duration-ms="1526" started-at="2020-12-05T13:18:50 GMT" finished-at="2020-12-05T13:18:52 GMT">
          <reporter-output>
          </reporter-output>
        </test-method> <!-- verifyLables -->
        <test-method status="PASS" signature="afterTest()[pri:0, instance:flights.FlightsTests@4cc0edeb]" name="afterTest" is-config="true" duration-ms="519" started-at="2020-12-05T13:18:52 GMT" finished-at="2020-12-05T13:18:52 GMT">
          <reporter-output>
          </reporter-output>
        </test-method> <!-- afterTest -->
      </class> <!-- flights.FlightsTests -->
    </test> <!-- Flights -->
  </suite> <!-- FlightsSuite -->
</testng-results>
